\BOOKMARK [0][-]{chapter.1}{\376\377\0001\000\040\000M\000y\000\040\000G\000e\000n\000e\000t\000i\000c\000\040\000A\000l\000g\000o\000r\000i\000t\000h\000m\000\040\000f\000o\000r\000\040\000T\000r\000a\000v\000e\000l\000l\000i\000n\000g\000\040\000S\000a\000l\000e\000s\000m\000a\000n\000\040\000P\000r\000o\000b\000l\000e\000m\000\040}{}% 1
\BOOKMARK [1][-]{section.1.1}{\376\377\0001\000.\0001\000\040\000M\000y\000\040\000G\000e\000n\000e\000t\000i\000c\000\040\000A\000l\000g\000o\000r\000i\000t\000h\000m\000\040\000f\000o\000r\000\040\000T\000r\000a\000v\000e\000l\000l\000i\000n\000g\000\040\000S\000a\000l\000e\000s\000m\000a\000n\000\040\000P\000r\000o\000b\000l\000e\000m}{chapter.1}% 2
\BOOKMARK [2][-]{subsection.1.1.1}{\376\377\0001\000.\0001\000.\0001\000\040\000A\000l\000g\000o\000r\000i\000t\000h\000m\000\040\000O\000v\000e\000r\000v\000i\000e\000w}{section.1.1}% 3
\BOOKMARK [3][-]{subsubsection.1.1.1.1}{\376\377\0001\000.\0001\000.\0001\000.\0001\000\040\000I\000n\000i\000t\000i\000a\000l\000i\000z\000a\000t\000i\000o\000n}{subsection.1.1.1}% 4
\BOOKMARK [3][-]{subsubsection.1.1.1.2}{\376\377\0001\000.\0001\000.\0001\000.\0002\000\040\000E\000v\000o\000l\000u\000t\000i\000o\000n\000\040\000L\000o\000o\000p}{subsection.1.1.1}% 5
\BOOKMARK [2][-]{subsection.1.1.2}{\376\377\0001\000.\0001\000.\0002\000\040\000B\000u\000i\000l\000d\000i\000n\000g}{section.1.1}% 6
\BOOKMARK [3][-]{subsubsection.1.1.2.1}{\376\377\0001\000.\0001\000.\0002\000.\0001\000\040\000C\000o\000m\000p\000i\000l\000a\000t\000i\000o\000n}{subsection.1.1.2}% 7
\BOOKMARK [3][-]{subsubsection.1.1.2.2}{\376\377\0001\000.\0001\000.\0002\000.\0002\000\040\000E\000x\000e\000c\000u\000t\000i\000n\000g}{subsection.1.1.2}% 8
\BOOKMARK [2][-]{subsection.1.1.3}{\376\377\0001\000.\0001\000.\0003\000\040\000M\000i\000n\000i\000m\000a\000l\000\040\000W\000o\000r\000k\000i\000n\000g\000\040\000E\000x\000a\000m\000p\000l\000e}{section.1.1}% 9
\BOOKMARK [2][-]{subsection.1.1.4}{\376\377\0001\000.\0001\000.\0004\000\040\000A\000u\000t\000h\000o\000r}{section.1.1}% 10
\BOOKMARK [0][-]{chapter.2}{\376\377\0002\000\040\000C\000l\000a\000s\000s\000\040\000I\000n\000d\000e\000x}{}% 11
\BOOKMARK [1][-]{section.2.1}{\376\377\0002\000.\0001\000\040\000C\000l\000a\000s\000s\000\040\000L\000i\000s\000t}{chapter.2}% 12
\BOOKMARK [0][-]{chapter.3}{\376\377\0003\000\040\000F\000i\000l\000e\000\040\000I\000n\000d\000e\000x}{}% 13
\BOOKMARK [1][-]{section.3.1}{\376\377\0003\000.\0001\000\040\000F\000i\000l\000e\000\040\000L\000i\000s\000t}{chapter.3}% 14
\BOOKMARK [0][-]{chapter.4}{\376\377\0004\000\040\000C\000l\000a\000s\000s\000\040\000D\000o\000c\000u\000m\000e\000n\000t\000a\000t\000i\000o\000n}{}% 15
\BOOKMARK [1][-]{section.4.1}{\376\377\0004\000.\0001\000\040\000C\000h\000r\000o\000m\000o\000s\000o\000m\000e\000\040\000C\000l\000a\000s\000s\000\040\000R\000e\000f\000e\000r\000e\000n\000c\000e}{chapter.4}% 16
\BOOKMARK [2][-]{subsection.4.1.1}{\376\377\0004\000.\0001\000.\0001\000\040\000D\000e\000t\000a\000i\000l\000e\000d\000\040\000D\000e\000s\000c\000r\000i\000p\000t\000i\000o\000n}{section.4.1}% 17
\BOOKMARK [2][-]{subsection.4.1.2}{\376\377\0004\000.\0001\000.\0002\000\040\000C\000o\000n\000s\000t\000r\000u\000c\000t\000o\000r\000\040\000\046\000\040\000D\000e\000s\000t\000r\000u\000c\000t\000o\000r\000\040\000D\000o\000c\000u\000m\000e\000n\000t\000a\000t\000i\000o\000n}{section.4.1}% 18
\BOOKMARK [3][-]{subsubsection.4.1.2.1}{\376\377\0004\000.\0001\000.\0002\000.\0001\000\040\000C\000h\000r\000o\000m\000o\000s\000o\000m\000e\000\050\000\051\000\040\000[\0001\000/\0003\000]}{subsection.4.1.2}% 19
\BOOKMARK [3][-]{subsubsection.4.1.2.2}{\376\377\0004\000.\0001\000.\0002\000.\0002\000\040\000C\000h\000r\000o\000m\000o\000s\000o\000m\000e\000\050\000\051\000\040\000[\0002\000/\0003\000]}{subsection.4.1.2}% 20
\BOOKMARK [3][-]{subsubsection.4.1.2.3}{\376\377\0004\000.\0001\000.\0002\000.\0003\000\040\000C\000h\000r\000o\000m\000o\000s\000o\000m\000e\000\050\000\051\000\040\000[\0003\000/\0003\000]}{subsection.4.1.2}% 21
\BOOKMARK [2][-]{subsection.4.1.3}{\376\377\0004\000.\0001\000.\0003\000\040\000M\000e\000m\000b\000e\000r\000\040\000F\000u\000n\000c\000t\000i\000o\000n\000\040\000D\000o\000c\000u\000m\000e\000n\000t\000a\000t\000i\000o\000n}{section.4.1}% 22
\BOOKMARK [3][-]{subsubsection.4.1.3.1}{\376\377\0004\000.\0001\000.\0003\000.\0001\000\040\000c\000h\000e\000c\000k\000\137\000v\000a\000l\000i\000d\000\137\000s\000t\000r\000i\000n\000g\000\050\000\051}{subsection.4.1.3}% 23
\BOOKMARK [3][-]{subsubsection.4.1.3.2}{\376\377\0004\000.\0001\000.\0003\000.\0002\000\040\000g\000e\000t\000\137\000s\000t\000r\000i\000n\000g\000\050\000\051\000\040\000[\0001\000/\0002\000]}{subsection.4.1.3}% 24
\BOOKMARK [3][-]{subsubsection.4.1.3.3}{\376\377\0004\000.\0001\000.\0003\000.\0003\000\040\000g\000e\000t\000\137\000s\000t\000r\000i\000n\000g\000\050\000\051\000\040\000[\0002\000/\0002\000]}{subsection.4.1.3}% 25
\BOOKMARK [3][-]{subsubsection.4.1.3.4}{\376\377\0004\000.\0001\000.\0003\000.\0004\000\040\000L\0001\000\050\000\051}{subsection.4.1.3}% 26
\BOOKMARK [3][-]{subsubsection.4.1.3.5}{\376\377\0004\000.\0001\000.\0003\000.\0005\000\040\000m\000u\000t\000a\000t\000e\000\050\000\051}{subsection.4.1.3}% 27
\BOOKMARK [3][-]{subsubsection.4.1.3.6}{\376\377\0004\000.\0001\000.\0003\000.\0006\000\040\000o\000p\000e\000r\000a\000t\000o\000r\000=\000\050\000\051}{subsection.4.1.3}% 28
\BOOKMARK [3][-]{subsubsection.4.1.3.7}{\376\377\0004\000.\0001\000.\0003\000.\0007\000\040\000o\000v\000e\000r\000w\000r\000i\000t\000e\000\137\000s\000t\000r\000i\000n\000g\000\050\000\051}{subsection.4.1.3}% 29
\BOOKMARK [3][-]{subsubsection.4.1.3.8}{\376\377\0004\000.\0001\000.\0003\000.\0008\000\040\000r\000e\000c\000o\000m\000b\000i\000n\000e\000\050\000\051}{subsection.4.1.3}% 30
\BOOKMARK [3][-]{subsubsection.4.1.3.9}{\376\377\0004\000.\0001\000.\0003\000.\0009\000\040\000s\000a\000v\000e\000\050\000\051}{subsection.4.1.3}% 31
\BOOKMARK [1][-]{section.4.2}{\376\377\0004\000.\0002\000\040\000C\000i\000t\000i\000e\000s\000\040\000C\000l\000a\000s\000s\000\040\000R\000e\000f\000e\000r\000e\000n\000c\000e}{chapter.4}% 32
\BOOKMARK [2][-]{subsection.4.2.1}{\376\377\0004\000.\0002\000.\0001\000\040\000D\000e\000t\000a\000i\000l\000e\000d\000\040\000D\000e\000s\000c\000r\000i\000p\000t\000i\000o\000n}{section.4.2}% 33
\BOOKMARK [2][-]{subsection.4.2.2}{\376\377\0004\000.\0002\000.\0002\000\040\000M\000e\000m\000b\000e\000r\000\040\000F\000u\000n\000c\000t\000i\000o\000n\000\040\000D\000o\000c\000u\000m\000e\000n\000t\000a\000t\000i\000o\000n}{section.4.2}% 34
\BOOKMARK [3][-]{subsubsection.4.2.2.1}{\376\377\0004\000.\0002\000.\0002\000.\0001\000\040\000g\000e\000t\000\137\000c\000i\000t\000y\000\050\000\051}{subsection.4.2.2}% 35
\BOOKMARK [3][-]{subsubsection.4.2.2.2}{\376\377\0004\000.\0002\000.\0002\000.\0002\000\040\000g\000e\000t\000\137\000d\000i\000s\000t\000a\000n\000c\000e\000\050\000\051}{subsection.4.2.2}% 36
\BOOKMARK [3][-]{subsubsection.4.2.2.3}{\376\377\0004\000.\0002\000.\0002\000.\0003\000\040\000I\000n\000i\000t\000i\000a\000l\000i\000z\000e\000\137\000C\000i\000t\000i\000e\000s\000\137\000C\000i\000r\000c\000l\000e\000\050\000\051}{subsection.4.2.2}% 37
\BOOKMARK [3][-]{subsubsection.4.2.2.4}{\376\377\0004\000.\0002\000.\0002\000.\0004\000\040\000I\000n\000i\000t\000i\000a\000l\000i\000z\000e\000\137\000C\000i\000t\000i\000e\000s\000\137\000S\000q\000u\000a\000r\000e\000\050\000\051}{subsection.4.2.2}% 38
\BOOKMARK [3][-]{subsubsection.4.2.2.5}{\376\377\0004\000.\0002\000.\0002\000.\0005\000\040\000I\000n\000i\000t\000i\000a\000l\000i\000z\000e\000\137\000F\000r\000o\000m\000\137\000F\000i\000l\000e\000\050\000\051}{subsection.4.2.2}% 39
\BOOKMARK [3][-]{subsubsection.4.2.2.6}{\376\377\0004\000.\0002\000.\0002\000.\0006\000\040\000s\000a\000v\000e\000\137\000p\000o\000s\000i\000t\000i\000o\000n\000s\000\050\000\051}{subsection.4.2.2}% 40
\BOOKMARK [1][-]{section.4.3}{\376\377\0004\000.\0003\000\040\000C\000i\000t\000y\000\040\000C\000l\000a\000s\000s\000\040\000R\000e\000f\000e\000r\000e\000n\000c\000e}{chapter.4}% 41
\BOOKMARK [2][-]{subsection.4.3.1}{\376\377\0004\000.\0003\000.\0001\000\040\000D\000e\000t\000a\000i\000l\000e\000d\000\040\000D\000e\000s\000c\000r\000i\000p\000t\000i\000o\000n}{section.4.3}% 42
\BOOKMARK [2][-]{subsection.4.3.2}{\376\377\0004\000.\0003\000.\0002\000\040\000C\000o\000n\000s\000t\000r\000u\000c\000t\000o\000r\000\040\000\046\000\040\000D\000e\000s\000t\000r\000u\000c\000t\000o\000r\000\040\000D\000o\000c\000u\000m\000e\000n\000t\000a\000t\000i\000o\000n}{section.4.3}% 43
\BOOKMARK [3][-]{subsubsection.4.3.2.1}{\376\377\0004\000.\0003\000.\0002\000.\0001\000\040\000C\000i\000t\000y\000\050\000\051}{subsection.4.3.2}% 44
\BOOKMARK [1][-]{section.4.4}{\376\377\0004\000.\0004\000\040\000G\000e\000n\000e\000t\000i\000c\000\040\000C\000l\000a\000s\000s\000\040\000R\000e\000f\000e\000r\000e\000n\000c\000e}{chapter.4}% 45
\BOOKMARK [2][-]{subsection.4.4.1}{\376\377\0004\000.\0004\000.\0001\000\040\000D\000e\000t\000a\000i\000l\000e\000d\000\040\000D\000e\000s\000c\000r\000i\000p\000t\000i\000o\000n}{section.4.4}% 46
\BOOKMARK [2][-]{subsection.4.4.2}{\376\377\0004\000.\0004\000.\0002\000\040\000C\000o\000n\000s\000t\000r\000u\000c\000t\000o\000r\000\040\000\046\000\040\000D\000e\000s\000t\000r\000u\000c\000t\000o\000r\000\040\000D\000o\000c\000u\000m\000e\000n\000t\000a\000t\000i\000o\000n}{section.4.4}% 47
\BOOKMARK [3][-]{subsubsection.4.4.2.1}{\376\377\0004\000.\0004\000.\0002\000.\0001\000\040\000G\000e\000n\000e\000t\000i\000c\000\050\000\051\000\040\000[\0001\000/\0002\000]}{subsection.4.4.2}% 48
\BOOKMARK [3][-]{subsubsection.4.4.2.2}{\376\377\0004\000.\0004\000.\0002\000.\0002\000\040\000G\000e\000n\000e\000t\000i\000c\000\050\000\051\000\040\000[\0002\000/\0002\000]}{subsection.4.4.2}% 49
\BOOKMARK [2][-]{subsection.4.4.3}{\376\377\0004\000.\0004\000.\0003\000\040\000M\000e\000m\000b\000e\000r\000\040\000F\000u\000n\000c\000t\000i\000o\000n\000\040\000D\000o\000c\000u\000m\000e\000n\000t\000a\000t\000i\000o\000n}{section.4.4}% 50
\BOOKMARK [3][-]{subsubsection.4.4.3.1}{\376\377\0004\000.\0004\000.\0003\000.\0001\000\040\000a\000v\000e\000r\000a\000g\000e\000\137\000L\0001\000\050\000\051}{subsection.4.4.3}% 51
\BOOKMARK [3][-]{subsubsection.4.4.3.2}{\376\377\0004\000.\0004\000.\0003\000.\0002\000\040\000b\000e\000s\000t\000\137\000L\0001\000\050\000\051}{subsection.4.4.3}% 52
\BOOKMARK [3][-]{subsubsection.4.4.3.3}{\376\377\0004\000.\0004\000.\0003\000.\0003\000\040\000b\000e\000s\000t\000\137\000L\0001\000\137\000i\000n\000d\000e\000x\000\050\000\051}{subsection.4.4.3}% 53
\BOOKMARK [3][-]{subsubsection.4.4.3.4}{\376\377\0004\000.\0004\000.\0003\000.\0004\000\040\000c\000a\000l\000c\000u\000l\000a\000t\000e\000\137\000f\000i\000t\000n\000e\000s\000s\000\137\000f\000i\000r\000s\000t\000\050\000\051}{subsection.4.4.3}% 54
\BOOKMARK [3][-]{subsubsection.4.4.3.5}{\376\377\0004\000.\0004\000.\0003\000.\0005\000\040\000c\000h\000e\000c\000k\000\137\000a\000l\000l\000\137\000c\000h\000r\000o\000m\000o\000s\000o\000m\000e\000s\000\050\000\051}{subsection.4.4.3}% 55
\BOOKMARK [3][-]{subsubsection.4.4.3.6}{\376\377\0004\000.\0004\000.\0003\000.\0006\000\040\000g\000e\000t\000\137\000c\000h\000r\000o\000m\000o\000s\000o\000m\000e\000\050\000\051}{subsection.4.4.3}% 56
\BOOKMARK [3][-]{subsubsection.4.4.3.7}{\376\377\0004\000.\0004\000.\0003\000.\0007\000\040\000n\000e\000w\000\137\000g\000e\000n\000e\000r\000a\000t\000i\000o\000n\000\050\000\051}{subsection.4.4.3}% 57
\BOOKMARK [3][-]{subsubsection.4.4.3.8}{\376\377\0004\000.\0004\000.\0003\000.\0008\000\040\000o\000v\000e\000r\000w\000r\000i\000t\000e\000\137\000f\000i\000r\000s\000t\000\137\000c\000h\000r\000o\000m\000o\000s\000o\000m\000e\000\050\000\051}{subsection.4.4.3}% 58
\BOOKMARK [1][-]{section.4.5}{\376\377\0004\000.\0005\000\040\000P\000o\000s\000i\000t\000i\000o\000n\000\040\000C\000l\000a\000s\000s\000\040\000R\000e\000f\000e\000r\000e\000n\000c\000e}{chapter.4}% 59
\BOOKMARK [2][-]{subsection.4.5.1}{\376\377\0004\000.\0005\000.\0001\000\040\000D\000e\000t\000a\000i\000l\000e\000d\000\040\000D\000e\000s\000c\000r\000i\000p\000t\000i\000o\000n}{section.4.5}% 60
\BOOKMARK [2][-]{subsection.4.5.2}{\376\377\0004\000.\0005\000.\0002\000\040\000C\000o\000n\000s\000t\000r\000u\000c\000t\000o\000r\000\040\000\046\000\040\000D\000e\000s\000t\000r\000u\000c\000t\000o\000r\000\040\000D\000o\000c\000u\000m\000e\000n\000t\000a\000t\000i\000o\000n}{section.4.5}% 61
\BOOKMARK [3][-]{subsubsection.4.5.2.1}{\376\377\0004\000.\0005\000.\0002\000.\0001\000\040\000P\000o\000s\000i\000t\000i\000o\000n\000\050\000\051\000\040\000[\0001\000/\0002\000]}{subsection.4.5.2}% 62
\BOOKMARK [3][-]{subsubsection.4.5.2.2}{\376\377\0004\000.\0005\000.\0002\000.\0002\000\040\000P\000o\000s\000i\000t\000i\000o\000n\000\050\000\051\000\040\000[\0002\000/\0002\000]}{subsection.4.5.2}% 63
\BOOKMARK [2][-]{subsection.4.5.3}{\376\377\0004\000.\0005\000.\0003\000\040\000M\000e\000m\000b\000e\000r\000\040\000F\000u\000n\000c\000t\000i\000o\000n\000\040\000D\000o\000c\000u\000m\000e\000n\000t\000a\000t\000i\000o\000n}{section.4.5}% 64
\BOOKMARK [3][-]{subsubsection.4.5.3.1}{\376\377\0004\000.\0005\000.\0003\000.\0001\000\040\000l\0001\000\050\000\051}{subsection.4.5.3}% 65
\BOOKMARK [1][-]{section.4.6}{\376\377\0004\000.\0006\000\040\000R\000a\000n\000d\000o\000m\000\040\000C\000l\000a\000s\000s\000\040\000R\000e\000f\000e\000r\000e\000n\000c\000e}{chapter.4}% 66
\BOOKMARK [2][-]{subsection.4.6.1}{\376\377\0004\000.\0006\000.\0001\000\040\000D\000e\000t\000a\000i\000l\000e\000d\000\040\000D\000e\000s\000c\000r\000i\000p\000t\000i\000o\000n}{section.4.6}% 67
\BOOKMARK [0][-]{chapter.5}{\376\377\0005\000\040\000F\000i\000l\000e\000\040\000D\000o\000c\000u\000m\000e\000n\000t\000a\000t\000i\000o\000n}{}% 68
\BOOKMARK [1][-]{section.5.1}{\376\377\0005\000.\0001\000\040\000i\000n\000c\000l\000u\000d\000e\000/\000c\000h\000r\000o\000m\000o\000s\000o\000m\000e\000.\000h\000p\000p\000\040\000F\000i\000l\000e\000\040\000R\000e\000f\000e\000r\000e\000n\000c\000e}{chapter.5}% 69
\BOOKMARK [2][-]{subsection.5.1.1}{\376\377\0005\000.\0001\000.\0001\000\040\000D\000e\000t\000a\000i\000l\000e\000d\000\040\000D\000e\000s\000c\000r\000i\000p\000t\000i\000o\000n}{section.5.1}% 70
\BOOKMARK [1][-]{section.5.2}{\376\377\0005\000.\0002\000\040\000c\000h\000r\000o\000m\000o\000s\000o\000m\000e\000.\000h\000p\000p}{chapter.5}% 71
\BOOKMARK [1][-]{section.5.3}{\376\377\0005\000.\0003\000\040\000i\000n\000c\000l\000u\000d\000e\000/\000c\000i\000t\000y\000.\000h\000p\000p\000\040\000F\000i\000l\000e\000\040\000R\000e\000f\000e\000r\000e\000n\000c\000e}{chapter.5}% 72
\BOOKMARK [2][-]{subsection.5.3.1}{\376\377\0005\000.\0003\000.\0001\000\040\000D\000e\000t\000a\000i\000l\000e\000d\000\040\000D\000e\000s\000c\000r\000i\000p\000t\000i\000o\000n}{section.5.3}% 73
\BOOKMARK [1][-]{section.5.4}{\376\377\0005\000.\0004\000\040\000c\000i\000t\000y\000.\000h\000p\000p}{chapter.5}% 74
\BOOKMARK [1][-]{section.5.5}{\376\377\0005\000.\0005\000\040\000i\000n\000c\000l\000u\000d\000e\000/\000g\000e\000n\000e\000t\000i\000c\000.\000h\000p\000p\000\040\000F\000i\000l\000e\000\040\000R\000e\000f\000e\000r\000e\000n\000c\000e}{chapter.5}% 75
\BOOKMARK [2][-]{subsection.5.5.1}{\376\377\0005\000.\0005\000.\0001\000\040\000D\000e\000t\000a\000i\000l\000e\000d\000\040\000D\000e\000s\000c\000r\000i\000p\000t\000i\000o\000n}{section.5.5}% 76
\BOOKMARK [1][-]{section.5.6}{\376\377\0005\000.\0006\000\040\000g\000e\000n\000e\000t\000i\000c\000.\000h\000p\000p}{chapter.5}% 77
\BOOKMARK [1][-]{section.5.7}{\376\377\0005\000.\0007\000\040\000i\000n\000c\000l\000u\000d\000e\000/\000p\000o\000s\000i\000t\000i\000o\000n\000.\000h\000p\000p\000\040\000F\000i\000l\000e\000\040\000R\000e\000f\000e\000r\000e\000n\000c\000e}{chapter.5}% 78
\BOOKMARK [2][-]{subsection.5.7.1}{\376\377\0005\000.\0007\000.\0001\000\040\000D\000e\000t\000a\000i\000l\000e\000d\000\040\000D\000e\000s\000c\000r\000i\000p\000t\000i\000o\000n}{section.5.7}% 79
\BOOKMARK [1][-]{section.5.8}{\376\377\0005\000.\0008\000\040\000p\000o\000s\000i\000t\000i\000o\000n\000.\000h\000p\000p}{chapter.5}% 80
\BOOKMARK [1][-]{section.5.9}{\376\377\0005\000.\0009\000\040\000i\000n\000c\000l\000u\000d\000e\000/\000r\000a\000n\000d\000o\000m\000.\000h\000\040\000F\000i\000l\000e\000\040\000R\000e\000f\000e\000r\000e\000n\000c\000e}{chapter.5}% 81
\BOOKMARK [2][-]{subsection.5.9.1}{\376\377\0005\000.\0009\000.\0001\000\040\000D\000e\000t\000a\000i\000l\000e\000d\000\040\000D\000e\000s\000c\000r\000i\000p\000t\000i\000o\000n}{section.5.9}% 82
\BOOKMARK [1][-]{section.5.10}{\376\377\0005\000.\0001\0000\000\040\000r\000a\000n\000d\000o\000m\000.\000h}{chapter.5}% 83
\BOOKMARK [1][-]{section.5.11}{\376\377\0005\000.\0001\0001\000\040\000s\000o\000u\000r\000c\000e\000/\000c\000h\000r\000o\000m\000o\000s\000o\000m\000e\000.\000c\000p\000p\000\040\000F\000i\000l\000e\000\040\000R\000e\000f\000e\000r\000e\000n\000c\000e}{chapter.5}% 84
\BOOKMARK [2][-]{subsection.5.11.1}{\376\377\0005\000.\0001\0001\000.\0001\000\040\000D\000e\000t\000a\000i\000l\000e\000d\000\040\000D\000e\000s\000c\000r\000i\000p\000t\000i\000o\000n}{section.5.11}% 85
\BOOKMARK [1][-]{section.5.12}{\376\377\0005\000.\0001\0002\000\040\000s\000o\000u\000r\000c\000e\000/\000c\000i\000t\000y\000.\000c\000p\000p\000\040\000F\000i\000l\000e\000\040\000R\000e\000f\000e\000r\000e\000n\000c\000e}{chapter.5}% 86
\BOOKMARK [2][-]{subsection.5.12.1}{\376\377\0005\000.\0001\0002\000.\0001\000\040\000D\000e\000t\000a\000i\000l\000e\000d\000\040\000D\000e\000s\000c\000r\000i\000p\000t\000i\000o\000n}{section.5.12}% 87
\BOOKMARK [1][-]{section.5.13}{\376\377\0005\000.\0001\0003\000\040\000s\000o\000u\000r\000c\000e\000/\000g\000e\000n\000e\000t\000i\000c\000.\000c\000p\000p\000\040\000F\000i\000l\000e\000\040\000R\000e\000f\000e\000r\000e\000n\000c\000e}{chapter.5}% 88
\BOOKMARK [2][-]{subsection.5.13.1}{\376\377\0005\000.\0001\0003\000.\0001\000\040\000D\000e\000t\000a\000i\000l\000e\000d\000\040\000D\000e\000s\000c\000r\000i\000p\000t\000i\000o\000n}{section.5.13}% 89
\BOOKMARK [1][-]{section.5.14}{\376\377\0005\000.\0001\0004\000\040\000s\000o\000u\000r\000c\000e\000/\000r\000a\000n\000d\000o\000m\000.\000c\000p\000p\000\040\000F\000i\000l\000e\000\040\000R\000e\000f\000e\000r\000e\000n\000c\000e}{chapter.5}% 90
\BOOKMARK [2][-]{subsection.5.14.1}{\376\377\0005\000.\0001\0004\000.\0001\000\040\000D\000e\000t\000a\000i\000l\000e\000d\000\040\000D\000e\000s\000c\000r\000i\000p\000t\000i\000o\000n}{section.5.14}% 91
\BOOKMARK [0][-]{section*.15}{\376\377\000I\000n\000d\000e\000x}{}% 92
